Arguments: 
  /usr/bin/node /home/xuscrus/.npm-global/bin/yarn deploy

PATH: 
  ./node_modules/.bin:/home/xuscrus/.install/google-cloud-sdk/bin/:/home/xuscrus/.install/google-cloud-sdk/completion.bash.inc:/home/xuscrus/.npm-global/bin:./node_modules/.bin:/home/xuscrus/.install/google-cloud-sdk/bin/:/home/xuscrus/.install/google-cloud-sdk/completion.bash.inc:/home/xuscrus/.npm-global/bin:/usr/local/sbin:/usr/local/bin:/usr/sbin:/usr/bin:/sbin:/bin:/usr/games:/usr/local/games:/snap/bin

Yarn version: 
  1.5.1

Node version: 
  8.11.1

Platform: 
  linux x64

npm manifest: 
  {
    "name": "codegamers",
    "version": "1.0.0",
    "description": "codegamers site",
    "main": "index.js",
    "repository": {
      "type": "git",
      "url": "git remote add origin git@github.com:xuscrus.github.io/codegamers.git"
    },
    "scripts": {
      "start": "gatsby develop",
      "build": "gatsby build",
      "test": "echo \"Error: no test specified\" && exit 1",
      "deploy": "./bin/ghpages.sh public"
    },
    "author": "xuscrus@gmail.com",
    "license": "ISC",
    "devDependencies": {
      "gatsby-cli": "^1.1.58",
      "live-server": "^1.2.0"
    },
    "dependencies": {
      "gatsby": "^1.9.270",
      "gatsby-plugin-react-helmet": "^2.0.11",
      "react-helmet": "^5.2.0"
    }
  }

yarn manifest: 
  No manifest

Lockfile: 
  No lockfile

Trace: 
  Error: Command failed.
  Exit code: 129
  Command: sh
  Arguments: -c ./bin/ghpages.sh public
  Directory: /home/xuscrus/Escritorio/xuscrus/codegamers
  Output:
  
      at ProcessTermError.MessageError (/home/xuscrus/.npm-global/lib/node_modules/yarn/lib/cli.js:186:110)
      at new ProcessTermError (/home/xuscrus/.npm-global/lib/node_modules/yarn/lib/cli.js:226:113)
      at ChildProcess.<anonymous> (/home/xuscrus/.npm-global/lib/node_modules/yarn/lib/cli.js:30281:17)
      at emitTwo (events.js:126:13)
      at ChildProcess.emit (events.js:214:7)
      at maybeClose (internal/child_process.js:925:16)
      at Process.ChildProcess._handle.onexit (internal/child_process.js:209:5)
